DATA : 27-11-03
ORA  : 19:15:00
/u/prj/mondadori/export/cacni001.txt
/u/prj/mondadori/export/spcni001.txt
/u/prj/mondadori/export/tbcni001.txt
DATA : 28-11-03
ORA  : 08:00:00
/u/prj/mondadori/export/??cni001.txt
mv: /u/prj/mondadori/export/??cni001.txt: No such file or directory
/u/prj/mondadori/export/??cni001.txt-28-11-03: No such file or directory
mv: /u/prj/mondadori/export/??cni001.txt-28-11-03.gz: No such file or directory
DATA : 29-11-03
ORA  : 08:00:00
/u/prj/mondadori/export/??cni001.txt
mv: /u/prj/mondadori/export/??cni001.txt: No such file or directory
/u/prj/mondadori/export/??cni001.txt-29-11-03: No such file or directory
mv: /u/prj/mondadori/export/??cni001.txt-29-11-03.gz: No such file or directory
DATA : 30-11-03
ORA  : 08:00:00
/u/prj/mondadori/export/??cni001.txt
mv: /u/prj/mondadori/export/??cni001.txt: No such file or directory
/u/prj/mondadori/export/??cni001.txt-30-11-03: No such file or directory
mv: /u/prj/mondadori/export/??cni001.txt-30-11-03.gz: No such file or directory
DATA : 01-12-03
ORA  : 08:00:00
/u/prj/mondadori/export/??cni001.txt
mv: /u/prj/mondadori/export/??cni001.txt: No such file or directory
/u/prj/mondadori/export/??cni001.txt-01-12-03: No such file or directory
mv: /u/prj/mondadori/export/??cni001.txt-01-12-03.gz: No such file or directory
DATA : 02-12-03
ORA  : 08:00:00
/u/prj/mondadori/export/??cni001.txt
mv: /u/prj/mondadori/export/??cni001.txt: No such file or directory
/u/prj/mondadori/export/??cni001.txt-02-12-03: No such file or directory
mv: /u/prj/mondadori/export/??cni001.txt-02-12-03.gz: No such file or directory
DATA : 03-12-03
ORA  : 08:00:00
/u/prj/mondadori/export/??cni001.txt
mv: /u/prj/mondadori/export/??cni001.txt: No such file or directory
/u/prj/mondadori/export/??cni001.txt-03-12-03: No such file or directory
mv: /u/prj/mondadori/export/??cni001.txt-03-12-03.gz: No such file or directory
DATA : 04-12-03
ORA  : 08:00:00
/u/prj/mondadori/export/??cni001.txt
mv: /u/prj/mondadori/export/??cni001.txt: No such file or directory
/u/prj/mondadori/export/??cni001.txt-04-12-03: No such file or directory
mv: /u/prj/mondadori/export/??cni001.txt-04-12-03.gz: No such file or directory
DATA : 05-12-03
ORA  : 08:00:00
/u/prj/mondadori/export/??cni001.txt
mv: /u/prj/mondadori/export/??cni001.txt: No such file or directory
/u/prj/mondadori/export/??cni001.txt-05-12-03: No such file or directory
mv: /u/prj/mondadori/export/??cni001.txt-05-12-03.gz: No such file or directory
DATA : 16-12-03
ORA  : 08:00:00
/u/prj/mondadori/export/??cni001.txt
mv: /u/prj/mondadori/export/??cni001.txt: No such file or directory
/u/prj/mondadori/export/??cni001.txt-16-12-03: No such file or directory
mv: /u/prj/mondadori/export/??cni001.txt-16-12-03.gz: No such file or directory
DATA : 17-12-03
ORA  : 08:00:00
/u/prj/mondadori/export/??cni001.txt
mv: /u/prj/mondadori/export/??cni001.txt: No such file or directory
/u/prj/mondadori/export/??cni001.txt-17-12-03: No such file or directory
mv: /u/prj/mondadori/export/??cni001.txt-17-12-03.gz: No such file or directory
DATA : 07-01-04
ORA  : 08:00:00
/u/prj/mondadori/export/??cni001.txt
mv: /u/prj/mondadori/export/??cni001.txt: No such file or directory
/u/prj/mondadori/export/??cni001.txt-07-01-04: No such file or directory
mv: /u/prj/mondadori/export/??cni001.txt-07-01-04.gz: No such file or directory
DATA : 08-01-04
ORA  : 08:00:00
/u/prj/mondadori/export/??cni001.txt
mv: /u/prj/mondadori/export/??cni001.txt: No such file or directory
/u/prj/mondadori/export/??cni001.txt-08-01-04: No such file or directory
mv: /u/prj/mondadori/export/??cni001.txt-08-01-04.gz: No such file or directory
DATA : 09-01-04
ORA  : 08:00:00
/u/prj/mondadori/export/??cni001.txt
mv: /u/prj/mondadori/export/??cni001.txt: No such file or directory
/u/prj/mondadori/export/??cni001.txt-09-01-04: No such file or directory
mv: /u/prj/mondadori/export/??cni001.txt-09-01-04.gz: No such file or directory
DATA : 10-01-04
ORA  : 08:00:01
/u/prj/mondadori/export/??cni001.txt
mv: /u/prj/mondadori/export/??cni001.txt: No such file or directory
/u/prj/mondadori/export/??cni001.txt-10-01-04: No such file or directory
mv: /u/prj/mondadori/export/??cni001.txt-10-01-04.gz: No such file or directory
DATA : 12-01-04
ORA  : 08:00:01
/u/prj/mondadori/export/??cni001.txt
mv: /u/prj/mondadori/export/??cni001.txt: No such file or directory
/u/prj/mondadori/export/??cni001.txt-12-01-04: No such file or directory
mv: /u/prj/mondadori/export/??cni001.txt-12-01-04.gz: No such file or directory
DATA : 13-01-04
ORA  : 08:00:01
/u/prj/mondadori/export/??cni001.txt
mv: /u/prj/mondadori/export/??cni001.txt: No such file or directory
/u/prj/mondadori/export/??cni001.txt-13-01-04: No such file or directory
mv: /u/prj/mondadori/export/??cni001.txt-13-01-04.gz: No such file or directory
DATA : 14-01-04
ORA  : 08:00:00
/u/prj/mondadori/export/??cni001.txt
mv: /u/prj/mondadori/export/??cni001.txt: No such file or directory
/u/prj/mondadori/export/??cni001.txt-14-01-04: No such file or directory
mv: /u/prj/mondadori/export/??cni001.txt-14-01-04.gz: No such file or directory
DATA : 15-01-04
ORA  : 08:00:00
/u/prj/mondadori/export/??cni001.txt
mv: /u/prj/mondadori/export/??cni001.txt: No such file or directory
/u/prj/mondadori/export/??cni001.txt-15-01-04: No such file or directory
mv: /u/prj/mondadori/export/??cni001.txt-15-01-04.gz: No such file or directory
DATA : 18-01-04
ORA  : 08:00:00
/u/prj/mondadori/export/??cni001.txt
mv: /u/prj/mondadori/export/??cni001.txt: No such file or directory
/u/prj/mondadori/export/??cni001.txt-18-01-04: No such file or directory
mv: /u/prj/mondadori/export/??cni001.txt-18-01-04.gz: No such file or directory
DATA : 19-01-04
ORA  : 08:00:00
/u/prj/mondadori/export/??cni001.txt
mv: /u/prj/mondadori/export/??cni001.txt: No such file or directory
/u/prj/mondadori/export/??cni001.txt-19-01-04: No such file or directory
mv: /u/prj/mondadori/export/??cni001.txt-19-01-04.gz: No such file or directory
DATA : 19-03-04
ORA  : 08:00:00
/u/prj/mondadori/export/??cni001.txt
mv: /u/prj/mondadori/export/??cni001.txt: No such file or directory
/u/prj/mondadori/export/??cni001.txt-19-03-04: No such file or directory
mv: /u/prj/mondadori/export/??cni001.txt-19-03-04.gz: No such file or directory
DATA : 22-03-04
ORA  : 08:00:00
/u/prj/mondadori/export/??cni001.txt
mv: /u/prj/mondadori/export/??cni001.txt: No such file or directory
/u/prj/mondadori/export/??cni001.txt-22-03-04: No such file or directory
mv: /u/prj/mondadori/export/??cni001.txt-22-03-04.gz: No such file or directory
DATA : 23-03-04
ORA  : 08:00:00
/u/prj/mondadori/export/??cni001.txt
mv: /u/prj/mondadori/export/??cni001.txt: No such file or directory
/u/prj/mondadori/export/??cni001.txt-23-03-04: No such file or directory
mv: /u/prj/mondadori/export/??cni001.txt-23-03-04.gz: No such file or directory
DATA : 24-03-04
ORA  : 08:00:00
/u/prj/mondadori/export/??cni001.txt
mv: /u/prj/mondadori/export/??cni001.txt: No such file or directory
/u/prj/mondadori/export/??cni001.txt-24-03-04: No such file or directory
mv: /u/prj/mondadori/export/??cni001.txt-24-03-04.gz: No such file or directory
DATA : 25-03-04
ORA  : 08:00:00
/u/prj/mondadori/export/??cni001.txt
mv: /u/prj/mondadori/export/??cni001.txt: No such file or directory
/u/prj/mondadori/export/??cni001.txt-25-03-04: No such file or directory
mv: /u/prj/mondadori/export/??cni001.txt-25-03-04.gz: No such file or directory
DATA : 26-03-04
ORA  : 08:00:00
/u/prj/mondadori/export/??cni001.txt
mv: /u/prj/mondadori/export/??cni001.txt: No such file or directory
/u/prj/mondadori/export/??cni001.txt-26-03-04: No such file or directory
mv: /u/prj/mondadori/export/??cni001.txt-26-03-04.gz: No such file or directory
DATA : 29-03-04
ORA  : 08:00:00
/u/prj/mondadori/export/??cni001.txt
mv: /u/prj/mondadori/export/??cni001.txt: No such file or directory
/u/prj/mondadori/export/??cni001.txt-29-03-04: No such file or directory
mv: /u/prj/mondadori/export/??cni001.txt-29-03-04.gz: No such file or directory
DATA : 30-03-04
ORA  : 08:00:00
/u/prj/mondadori/export/??cni001.txt
mv: /u/prj/mondadori/export/??cni001.txt: No such file or directory
/u/prj/mondadori/export/??cni001.txt-30-03-04: No such file or directory
mv: /u/prj/mondadori/export/??cni001.txt-30-03-04.gz: No such file or directory
DATA : 31-03-04
ORA  : 08:00:00
/u/prj/mondadori/export/??cni001.txt
mv: /u/prj/mondadori/export/??cni001.txt: No such file or directory
/u/prj/mondadori/export/??cni001.txt-31-03-04: No such file or directory
mv: /u/prj/mondadori/export/??cni001.txt-31-03-04.gz: No such file or directory
