DATA : 27-11-03
ORA  : 19:15:00
/u/prj/mondadori/export/conscni.txt.old
DATA : 27-11-03
ORA  : 22:00:00
/u/prj/mondadori/export/conscni.txt.old
mv: /u/prj/mondadori/export/conscni.txt.old: No such file or directory
/u/prj/mondadori/export/conscni.txt.old-27-11-03: No such file or directory
mv: /u/prj/mondadori/export/conscni.txt.old-27-11-03.gz: No such file or directory
DATA : 28-11-03
ORA  : 22:00:00
/u/prj/mondadori/export/conscni.txt.old
mv: /u/prj/mondadori/export/conscni.txt.old: No such file or directory
/u/prj/mondadori/export/conscni.txt.old-28-11-03: No such file or directory
mv: /u/prj/mondadori/export/conscni.txt.old-28-11-03.gz: No such file or directory
DATA : 29-11-03
ORA  : 22:00:01
/u/prj/mondadori/export/conscni.txt.old
mv: /u/prj/mondadori/export/conscni.txt.old: No such file or directory
/u/prj/mondadori/export/conscni.txt.old-29-11-03: No such file or directory
mv: /u/prj/mondadori/export/conscni.txt.old-29-11-03.gz: No such file or directory
DATA : 30-11-03
ORA  : 22:00:00
/u/prj/mondadori/export/conscni.txt.old
mv: /u/prj/mondadori/export/conscni.txt.old: No such file or directory
/u/prj/mondadori/export/conscni.txt.old-30-11-03: No such file or directory
mv: /u/prj/mondadori/export/conscni.txt.old-30-11-03.gz: No such file or directory
DATA : 01-12-03
ORA  : 22:00:00
/u/prj/mondadori/export/conscni.txt.old
mv: /u/prj/mondadori/export/conscni.txt.old: No such file or directory
/u/prj/mondadori/export/conscni.txt.old-01-12-03: No such file or directory
mv: /u/prj/mondadori/export/conscni.txt.old-01-12-03.gz: No such file or directory
DATA : 02-12-03
ORA  : 22:00:00
/u/prj/mondadori/export/conscni.txt.old
mv: /u/prj/mondadori/export/conscni.txt.old: No such file or directory
/u/prj/mondadori/export/conscni.txt.old-02-12-03: No such file or directory
mv: /u/prj/mondadori/export/conscni.txt.old-02-12-03.gz: No such file or directory
DATA : 03-12-03
ORA  : 22:00:00
/u/prj/mondadori/export/conscni.txt.old
mv: /u/prj/mondadori/export/conscni.txt.old: No such file or directory
/u/prj/mondadori/export/conscni.txt.old-03-12-03: No such file or directory
mv: /u/prj/mondadori/export/conscni.txt.old-03-12-03.gz: No such file or directory
DATA : 04-12-03
ORA  : 22:00:00
/u/prj/mondadori/export/conscni.txt.old
mv: /u/prj/mondadori/export/conscni.txt.old: No such file or directory
/u/prj/mondadori/export/conscni.txt.old-04-12-03: No such file or directory
mv: /u/prj/mondadori/export/conscni.txt.old-04-12-03.gz: No such file or directory
DATA : 15-12-03
ORA  : 22:00:00
/u/prj/mondadori/export/conscni.txt.old
mv: /u/prj/mondadori/export/conscni.txt.old: No such file or directory
/u/prj/mondadori/export/conscni.txt.old-15-12-03: No such file or directory
mv: /u/prj/mondadori/export/conscni.txt.old-15-12-03.gz: No such file or directory
DATA : 16-12-03
ORA  : 22:00:00
/u/prj/mondadori/export/conscni.txt.old
mv: /u/prj/mondadori/export/conscni.txt.old: No such file or directory
/u/prj/mondadori/export/conscni.txt.old-16-12-03: No such file or directory
mv: /u/prj/mondadori/export/conscni.txt.old-16-12-03.gz: No such file or directory
DATA : 06-01-04
ORA  : 22:00:01
/u/prj/mondadori/export/conscni.txt.old
mv: /u/prj/mondadori/export/conscni.txt.old: No such file or directory
/u/prj/mondadori/export/conscni.txt.old-06-01-04: No such file or directory
mv: /u/prj/mondadori/export/conscni.txt.old-06-01-04.gz: No such file or directory
DATA : 07-01-04
ORA  : 22:00:00
/u/prj/mondadori/export/conscni.txt.old
mv: /u/prj/mondadori/export/conscni.txt.old: No such file or directory
/u/prj/mondadori/export/conscni.txt.old-07-01-04: No such file or directory
mv: /u/prj/mondadori/export/conscni.txt.old-07-01-04.gz: No such file or directory
DATA : 08-01-04
ORA  : 22:00:01
/u/prj/mondadori/export/conscni.txt.old
mv: /u/prj/mondadori/export/conscni.txt.old: No such file or directory
/u/prj/mondadori/export/conscni.txt.old-08-01-04: No such file or directory
mv: /u/prj/mondadori/export/conscni.txt.old-08-01-04.gz: No such file or directory
DATA : 09-01-04
ORA  : 22:00:00
/u/prj/mondadori/export/conscni.txt.old
mv: /u/prj/mondadori/export/conscni.txt.old: No such file or directory
/u/prj/mondadori/export/conscni.txt.old-09-01-04: No such file or directory
mv: /u/prj/mondadori/export/conscni.txt.old-09-01-04.gz: No such file or directory
DATA : 11-01-04
ORA  : 22:00:00
/u/prj/mondadori/export/conscni.txt.old
mv: /u/prj/mondadori/export/conscni.txt.old: No such file or directory
/u/prj/mondadori/export/conscni.txt.old-11-01-04: No such file or directory
mv: /u/prj/mondadori/export/conscni.txt.old-11-01-04.gz: No such file or directory
DATA : 12-01-04
ORA  : 22:00:00
/u/prj/mondadori/export/conscni.txt.old
mv: /u/prj/mondadori/export/conscni.txt.old: No such file or directory
/u/prj/mondadori/export/conscni.txt.old-12-01-04: No such file or directory
mv: /u/prj/mondadori/export/conscni.txt.old-12-01-04.gz: No such file or directory
DATA : 13-01-04
ORA  : 22:00:01
/u/prj/mondadori/export/conscni.txt.old
mv: /u/prj/mondadori/export/conscni.txt.old: No such file or directory
/u/prj/mondadori/export/conscni.txt.old-13-01-04: No such file or directory
mv: /u/prj/mondadori/export/conscni.txt.old-13-01-04.gz: No such file or directory
DATA : 14-01-04
ORA  : 22:00:00
/u/prj/mondadori/export/conscni.txt.old
mv: /u/prj/mondadori/export/conscni.txt.old: No such file or directory
/u/prj/mondadori/export/conscni.txt.old-14-01-04: No such file or directory
mv: /u/prj/mondadori/export/conscni.txt.old-14-01-04.gz: No such file or directory
DATA : 17-01-04
ORA  : 22:00:00
/u/prj/mondadori/export/conscni.txt.old
mv: /u/prj/mondadori/export/conscni.txt.old: No such file or directory
/u/prj/mondadori/export/conscni.txt.old-17-01-04: No such file or directory
mv: /u/prj/mondadori/export/conscni.txt.old-17-01-04.gz: No such file or directory
DATA : 18-01-04
ORA  : 22:00:00
/u/prj/mondadori/export/conscni.txt.old
mv: /u/prj/mondadori/export/conscni.txt.old: No such file or directory
/u/prj/mondadori/export/conscni.txt.old-18-01-04: No such file or directory
mv: /u/prj/mondadori/export/conscni.txt.old-18-01-04.gz: No such file or directory
DATA : 18-03-04
ORA  : 22:00:00
/u/prj/mondadori/export/conscni.txt.old
mv: /u/prj/mondadori/export/conscni.txt.old: No such file or directory
/u/prj/mondadori/export/conscni.txt.old-18-03-04: No such file or directory
mv: /u/prj/mondadori/export/conscni.txt.old-18-03-04.gz: No such file or directory
DATA : 21-03-04
ORA  : 22:00:00
/u/prj/mondadori/export/conscni.txt.old
mv: /u/prj/mondadori/export/conscni.txt.old: No such file or directory
/u/prj/mondadori/export/conscni.txt.old-21-03-04: No such file or directory
mv: /u/prj/mondadori/export/conscni.txt.old-21-03-04.gz: No such file or directory
DATA : 22-03-04
ORA  : 22:00:00
/u/prj/mondadori/export/conscni.txt.old
mv: /u/prj/mondadori/export/conscni.txt.old: No such file or directory
/u/prj/mondadori/export/conscni.txt.old-22-03-04: No such file or directory
mv: /u/prj/mondadori/export/conscni.txt.old-22-03-04.gz: No such file or directory
DATA : 23-03-04
ORA  : 22:00:00
/u/prj/mondadori/export/conscni.txt.old
mv: /u/prj/mondadori/export/conscni.txt.old: No such file or directory
/u/prj/mondadori/export/conscni.txt.old-23-03-04: No such file or directory
mv: /u/prj/mondadori/export/conscni.txt.old-23-03-04.gz: No such file or directory
DATA : 24-03-04
ORA  : 22:00:01
/u/prj/mondadori/export/conscni.txt.old
mv: /u/prj/mondadori/export/conscni.txt.old: No such file or directory
/u/prj/mondadori/export/conscni.txt.old-24-03-04: No such file or directory
mv: /u/prj/mondadori/export/conscni.txt.old-24-03-04.gz: No such file or directory
DATA : 25-03-04
ORA  : 22:00:00
/u/prj/mondadori/export/conscni.txt.old
mv: /u/prj/mondadori/export/conscni.txt.old: No such file or directory
/u/prj/mondadori/export/conscni.txt.old-25-03-04: No such file or directory
mv: /u/prj/mondadori/export/conscni.txt.old-25-03-04.gz: No such file or directory
DATA : 29-03-04
ORA  : 22:00:00
/u/prj/mondadori/export/conscni.txt.old
mv: /u/prj/mondadori/export/conscni.txt.old: No such file or directory
/u/prj/mondadori/export/conscni.txt.old-29-03-04: No such file or directory
mv: /u/prj/mondadori/export/conscni.txt.old-29-03-04.gz: No such file or directory
DATA : 30-03-04
ORA  : 22:00:00
/u/prj/mondadori/export/conscni.txt.old
mv: /u/prj/mondadori/export/conscni.txt.old: No such file or directory
/u/prj/mondadori/export/conscni.txt.old-30-03-04: No such file or directory
mv: /u/prj/mondadori/export/conscni.txt.old-30-03-04.gz: No such file or directory
